<?xml version="1.0" encoding="UTF-8"?>
<!-- Generated by org.testng.reporters.JUnitReportReporter -->
<testsuite skipped="0" hostname="DESKTOP-N308L1J" name="test.AddCustomerTest" tests="1" failures="0" timestamp="28 Aug 2021 18:43:34 GMT" time="11.894" errors="0">
  <testcase name="validUserShouldBeAbleToAddCustomer" time="11.894" classname="test.AddCustomerTest"/>
</testsuite> <!-- test.AddCustomerTest -->
