<?xml version="1.0" encoding="UTF-8"?>
<!-- Generated by org.testng.reporters.JUnitReportReporter -->
<testsuite skipped="0" hostname="DESKTOP-N308L1J" name="util.BrowserFactory" tests="1" failures="0" timestamp="28 Aug 2021 15:47:04 GMT" time="4.873" errors="0">
  <testcase name="init" time="4.873" classname="util.BrowserFactory"/>
</testsuite> <!-- util.BrowserFactory -->
